The target system is: Generic -  - arm
The host system is: Linux - 6.10.14-linuxkit - aarch64
Compiling the C compiler identification source file "CMakeCCompilerId.c" succeeded.
Compiler: /opt/xpack-arm-none-eabi-gcc-14.2.1-1.1/bin/arm-none-eabi-gcc 
Build flags: ;-mcpu=cortex-m4;-mfpu=fpv4-sp-d16;-mfloat-abi=hard;;-Wall;-Wextra;-Wpedantic;-fdata-sections;-ffunction-sections;-mcpu=cortex-m4;-mfpu=fpv4-sp-d16;-mfloat-abi=hard;;-Wall;-Wextra;-Wpedantic;-fdata-sections;-ffunction-sections;-mcpu=cortex-m4;-mfpu=fpv4-sp-d16;-mfloat-abi=hard;;-Wall;-Wextra;-Wpedantic;-fdata-sections;-ffunction-sections
Id flags: -c 

The output was:
0


Compilation of the C compiler identification source "CMakeCCompilerId.c" produced "CMakeCCompilerId.o"

The C compiler identification is GNU, found in "/workspace/flight_software/build/Debug/CMakeFiles/3.22.1/CompilerIdC/CMakeCCompilerId.o"

Compiling the CXX compiler identification source file "CMakeCXXCompilerId.cpp" succeeded.
Compiler: /opt/xpack-arm-none-eabi-gcc-14.2.1-1.1/bin/arm-none-eabi-g++ 
Build flags: ;-mcpu=cortex-m4;-mfpu=fpv4-sp-d16;-mfloat-abi=hard;;-Wall;-Wextra;-Wpedantic;-fdata-sections;-ffunction-sections;-mcpu=cortex-m4;-mfpu=fpv4-sp-d16;-mfloat-abi=hard;;-Wall;-Wextra;-Wpedantic;-fdata-sections;-ffunction-sections;-mcpu=cortex-m4;-mfpu=fpv4-sp-d16;-mfloat-abi=hard;;-Wall;-Wextra;-Wpedantic;-fdata-sections;-ffunction-sections;-fno-rtti;-fno-exceptions;-fno-threadsafe-statics
Id flags: -c 

The output was:
0


Compilation of the CXX compiler identification source "CMakeCXXCompilerId.cpp" produced "CMakeCXXCompilerId.o"

The CXX compiler identification is GNU, found in "/workspace/flight_software/build/Debug/CMakeFiles/3.22.1/CompilerIdCXX/CMakeCXXCompilerId.o"

Detecting C compiler ABI info compiled with the following output:
Change Dir: /workspace/flight_software/build/Debug/CMakeFiles/CMakeTmp

Run Build Command(s):/usr/bin/ninja cmTC_66e99 && [1/2] Building C object CMakeFiles/cmTC_66e99.dir/CMakeCCompilerABI.c.obj
Using built-in specs.
COLLECT_GCC=/opt/xpack-arm-none-eabi-gcc-14.2.1-1.1/bin/arm-none-eabi-gcc
Target: arm-none-eabi
Configured with: /__w/arm-none-eabi-gcc-xpack/arm-none-eabi-gcc-xpack/build-assets/build/linux-arm64/sources/gcc/configure --prefix=/__w/arm-none-eabi-gcc-xpack/arm-none-eabi-gcc-xpack/build-assets/build/linux-arm64/application --with-sysroot=/__w/arm-none-eabi-gcc-xpack/arm-none-eabi-gcc-xpack/build-assets/build/linux-arm64/application/arm-none-eabi --with-native-system-header-dir=/include --infodir=/__w/arm-none-eabi-gcc-xpack/arm-none-eabi-gcc-xpack/build-assets/build/linux-arm64/aarch64-unknown-linux-gnu/install/share/info --mandir=/__w/arm-none-eabi-gcc-xpack/arm-none-eabi-gcc-xpack/build-assets/build/linux-arm64/aarch64-unknown-linux-gnu/install/share/man --htmldir=/__w/arm-none-eabi-gcc-xpack/arm-none-eabi-gcc-xpack/build-assets/build/linux-arm64/aarch64-unknown-linux-gnu/install/share/html --pdfdir=/__w/arm-none-eabi-gcc-xpack/arm-none-eabi-gcc-xpack/build-assets/build/linux-arm64/aarch64-unknown-linux-gnu/install/share/pdf --build=aarch64-unknown-linux-gnu --host=aarch64-unknown-linux-gnu --target=arm-none-eabi --disable-nls --disable-shared --disable-threads --disable-tls --enable-checking=release --enable-languages=c,c++,fortran --with-gmp=/__w/arm-none-eabi-gcc-xpack/arm-none-eabi-gcc-xpack/build-assets/build/linux-arm64/aarch64-unknown-linux-gnu/install --with-newlib --with-pkgversion='xPack GNU Arm Embedded GCC aarch64' --with-gnu-as --with-gnu-ld --with-system-zlib --with-headers=yes --enable-multilib --with-multilib-list=aprofile,rmprofile
Thread model: single
Supported LTO compression algorithms: zlib zstd
gcc version 14.2.1 20241119 (xPack GNU Arm Embedded GCC aarch64) 
COLLECT_GCC_OPTIONS='-mfpu=fpv4-sp-d16' '-mfloat-abi=hard' '-mfpu=fpv4-sp-d16' '-mfloat-abi=hard' '-mcpu=cortex-m4' '-mfpu=fpv4-sp-d16' '-mfloat-abi=hard' '-Wall' '-Wextra' '-Wpedantic' '-fdata-sections' '-ffunction-sections' '-v' '-std=gnu11' '-o' 'CMakeFiles/cmTC_66e99.dir/CMakeCCompilerABI.c.obj' '-c' '-mthumb' '-mlibarch=armv7e-m+fp' '-march=armv7e-m+fp' '-dumpdir' 'CMakeFiles/cmTC_66e99.dir/'
 /opt/xpack-arm-none-eabi-gcc-14.2.1-1.1/bin/../libexec/gcc/arm-none-eabi/14.2.1/cc1 -quiet -v -imultilib thumb/v7e-m+fp/hard -iprefix /opt/xpack-arm-none-eabi-gcc-14.2.1-1.1/bin/../lib/gcc/arm-none-eabi/14.2.1/ -isysroot /opt/xpack-arm-none-eabi-gcc-14.2.1-1.1/bin/../arm-none-eabi -D__USES_INITFINI__ /usr/share/cmake-3.22/Modules/CMakeCCompilerABI.c -quiet -dumpdir CMakeFiles/cmTC_66e99.dir/ -dumpbase CMakeCCompilerABI.c.c -dumpbase-ext .c -mfpu=fpv4-sp-d16 -mfloat-abi=hard -mfpu=fpv4-sp-d16 -mfloat-abi=hard -mcpu=cortex-m4 -mfpu=fpv4-sp-d16 -mfloat-abi=hard -mthumb -mlibarch=armv7e-m+fp -march=armv7e-m+fp -Wall -Wextra -Wpedantic -std=gnu11 -version -fdata-sections -ffunction-sections -o /tmp/ccbfhrh5.s
GNU C11 (xPack GNU Arm Embedded GCC aarch64) version 14.2.1 20241119 (arm-none-eabi)
	compiled by GNU C version 13.2.0, GMP version 6.2.1, MPFR version 3.1.6, MPC version 1.0.3, isl version isl-0.15-GMP

GGC heuristics: --param ggc-min-expand=100 --param ggc-min-heapsize=131072
ignoring duplicate directory "/opt/xpack-arm-none-eabi-gcc-14.2.1-1.1/bin/../lib/gcc/../../lib/gcc/arm-none-eabi/14.2.1/include"
ignoring nonexistent directory "/opt/xpack-arm-none-eabi-gcc-14.2.1-1.1/bin/../arm-none-eabi/usr/local/include"
ignoring duplicate directory "/opt/xpack-arm-none-eabi-gcc-14.2.1-1.1/bin/../lib/gcc/../../lib/gcc/arm-none-eabi/14.2.1/include-fixed"
ignoring duplicate directory "/opt/xpack-arm-none-eabi-gcc-14.2.1-1.1/bin/../lib/gcc/../../lib/gcc/arm-none-eabi/14.2.1/../../../../arm-none-eabi/include"
ignoring duplicate directory "/opt/xpack-arm-none-eabi-gcc-14.2.1-1.1/bin/../arm-none-eabi/include"
#include "..." search starts here:
#include <...> search starts here:
 /opt/xpack-arm-none-eabi-gcc-14.2.1-1.1/bin/../lib/gcc/arm-none-eabi/14.2.1/include
 /opt/xpack-arm-none-eabi-gcc-14.2.1-1.1/bin/../lib/gcc/arm-none-eabi/14.2.1/include-fixed
 /opt/xpack-arm-none-eabi-gcc-14.2.1-1.1/bin/../lib/gcc/arm-none-eabi/14.2.1/../../../../arm-none-eabi/include
End of search list.
Compiler executable checksum: 08e6ae31bcbbf0a25584eb55ea71b419
COLLECT_GCC_OPTIONS='-mfpu=fpv4-sp-d16' '-mfloat-abi=hard' '-mfpu=fpv4-sp-d16' '-mfloat-abi=hard' '-mcpu=cortex-m4' '-mfpu=fpv4-sp-d16' '-mfloat-abi=hard' '-Wall' '-Wextra' '-Wpedantic' '-fdata-sections' '-ffunction-sections' '-v' '-std=gnu11' '-o' 'CMakeFiles/cmTC_66e99.dir/CMakeCCompilerABI.c.obj' '-c' '-mthumb' '-mlibarch=armv7e-m+fp' '-march=armv7e-m+fp' '-dumpdir' 'CMakeFiles/cmTC_66e99.dir/'
 /opt/xpack-arm-none-eabi-gcc-14.2.1-1.1/bin/../lib/gcc/arm-none-eabi/14.2.1/../../../../arm-none-eabi/bin/as -v -march=armv7e-m+fp -mfloat-abi=hard -mfloat-abi=hard -mfloat-abi=hard -mfpu=fpv4-sp-d16 -mfpu=fpv4-sp-d16 -mfpu=fpv4-sp-d16 -meabi=5 -o CMakeFiles/cmTC_66e99.dir/CMakeCCompilerABI.c.obj /tmp/ccbfhrh5.s
GNU assembler version 2.43.1 (arm-none-eabi) using BFD version (xPack GNU Arm Embedded GCC aarch64) 2.43.1.20241119
COMPILER_PATH=/opt/xpack-arm-none-eabi-gcc-14.2.1-1.1/bin/../libexec/gcc/arm-none-eabi/14.2.1/:/opt/xpack-arm-none-eabi-gcc-14.2.1-1.1/bin/../libexec/gcc/:/opt/xpack-arm-none-eabi-gcc-14.2.1-1.1/bin/../lib/gcc/arm-none-eabi/14.2.1/../../../../arm-none-eabi/bin/
LIBRARY_PATH=/opt/xpack-arm-none-eabi-gcc-14.2.1-1.1/bin/../lib/gcc/arm-none-eabi/14.2.1/thumb/v7e-m+fp/hard/:/opt/xpack-arm-none-eabi-gcc-14.2.1-1.1/bin/../lib/gcc/arm-none-eabi/14.2.1/../../../../arm-none-eabi/lib/thumb/v7e-m+fp/hard/:/opt/xpack-arm-none-eabi-gcc-14.2.1-1.1/bin/../arm-none-eabi/lib/thumb/v7e-m+fp/hard/:/opt/xpack-arm-none-eabi-gcc-14.2.1-1.1/bin/../lib/gcc/arm-none-eabi/14.2.1/:/opt/xpack-arm-none-eabi-gcc-14.2.1-1.1/bin/../lib/gcc/:/opt/xpack-arm-none-eabi-gcc-14.2.1-1.1/bin/../lib/gcc/arm-none-eabi/14.2.1/../../../../arm-none-eabi/lib/:/opt/xpack-arm-none-eabi-gcc-14.2.1-1.1/bin/../arm-none-eabi/lib/
COLLECT_GCC_OPTIONS='-mfpu=fpv4-sp-d16' '-mfloat-abi=hard' '-mfpu=fpv4-sp-d16' '-mfloat-abi=hard' '-mcpu=cortex-m4' '-mfpu=fpv4-sp-d16' '-mfloat-abi=hard' '-Wall' '-Wextra' '-Wpedantic' '-fdata-sections' '-ffunction-sections' '-v' '-std=gnu11' '-o' 'CMakeFiles/cmTC_66e99.dir/CMakeCCompilerABI.c.obj' '-c' '-mthumb' '-mlibarch=armv7e-m+fp' '-march=armv7e-m+fp' '-dumpdir' 'CMakeFiles/cmTC_66e99.dir/CMakeCCompilerABI.c.'
[2/2] Linking C static library libcmTC_66e99.a



Parsed C implicit include dir info from above output: rv=done
  found start of include info
  found start of implicit include info
    add: [/opt/xpack-arm-none-eabi-gcc-14.2.1-1.1/bin/../lib/gcc/arm-none-eabi/14.2.1/include]
    add: [/opt/xpack-arm-none-eabi-gcc-14.2.1-1.1/bin/../lib/gcc/arm-none-eabi/14.2.1/include-fixed]
    add: [/opt/xpack-arm-none-eabi-gcc-14.2.1-1.1/bin/../lib/gcc/arm-none-eabi/14.2.1/../../../../arm-none-eabi/include]
  end of search list found
  collapse include dir [/opt/xpack-arm-none-eabi-gcc-14.2.1-1.1/bin/../lib/gcc/arm-none-eabi/14.2.1/include] ==> [/opt/xpack-arm-none-eabi-gcc-14.2.1-1.1/lib/gcc/arm-none-eabi/14.2.1/include]
  collapse include dir [/opt/xpack-arm-none-eabi-gcc-14.2.1-1.1/bin/../lib/gcc/arm-none-eabi/14.2.1/include-fixed] ==> [/opt/xpack-arm-none-eabi-gcc-14.2.1-1.1/lib/gcc/arm-none-eabi/14.2.1/include-fixed]
  collapse include dir [/opt/xpack-arm-none-eabi-gcc-14.2.1-1.1/bin/../lib/gcc/arm-none-eabi/14.2.1/../../../../arm-none-eabi/include] ==> [/opt/xpack-arm-none-eabi-gcc-14.2.1-1.1/arm-none-eabi/include]
  implicit include dirs: [/opt/xpack-arm-none-eabi-gcc-14.2.1-1.1/lib/gcc/arm-none-eabi/14.2.1/include;/opt/xpack-arm-none-eabi-gcc-14.2.1-1.1/lib/gcc/arm-none-eabi/14.2.1/include-fixed;/opt/xpack-arm-none-eabi-gcc-14.2.1-1.1/arm-none-eabi/include]


Parsed C implicit link information from above output:
  link line regex: [^( *|.*[/\])(arm-none-eabi-g\+\+|CMAKE_LINK_STARTFILE-NOTFOUND|([^/\]+-)?ld|collect2)[^/\]*( |$)]
  ignore line: [Change Dir: /workspace/flight_software/build/Debug/CMakeFiles/CMakeTmp]
  ignore line: []
  ignore line: [Run Build Command(s):/usr/bin/ninja cmTC_66e99 && [1/2] Building C object CMakeFiles/cmTC_66e99.dir/CMakeCCompilerABI.c.obj]
  ignore line: [Using built-in specs.]
  ignore line: [COLLECT_GCC=/opt/xpack-arm-none-eabi-gcc-14.2.1-1.1/bin/arm-none-eabi-gcc]
  ignore line: [Target: arm-none-eabi]
  ignore line: [Configured with: /__w/arm-none-eabi-gcc-xpack/arm-none-eabi-gcc-xpack/build-assets/build/linux-arm64/sources/gcc/configure --prefix=/__w/arm-none-eabi-gcc-xpack/arm-none-eabi-gcc-xpack/build-assets/build/linux-arm64/application --with-sysroot=/__w/arm-none-eabi-gcc-xpack/arm-none-eabi-gcc-xpack/build-assets/build/linux-arm64/application/arm-none-eabi --with-native-system-header-dir=/include --infodir=/__w/arm-none-eabi-gcc-xpack/arm-none-eabi-gcc-xpack/build-assets/build/linux-arm64/aarch64-unknown-linux-gnu/install/share/info --mandir=/__w/arm-none-eabi-gcc-xpack/arm-none-eabi-gcc-xpack/build-assets/build/linux-arm64/aarch64-unknown-linux-gnu/install/share/man --htmldir=/__w/arm-none-eabi-gcc-xpack/arm-none-eabi-gcc-xpack/build-assets/build/linux-arm64/aarch64-unknown-linux-gnu/install/share/html --pdfdir=/__w/arm-none-eabi-gcc-xpack/arm-none-eabi-gcc-xpack/build-assets/build/linux-arm64/aarch64-unknown-linux-gnu/install/share/pdf --build=aarch64-unknown-linux-gnu --host=aarch64-unknown-linux-gnu --target=arm-none-eabi --disable-nls --disable-shared --disable-threads --disable-tls --enable-checking=release --enable-languages=c,c++,fortran --with-gmp=/__w/arm-none-eabi-gcc-xpack/arm-none-eabi-gcc-xpack/build-assets/build/linux-arm64/aarch64-unknown-linux-gnu/install --with-newlib --with-pkgversion='xPack GNU Arm Embedded GCC aarch64' --with-gnu-as --with-gnu-ld --with-system-zlib --with-headers=yes --enable-multilib --with-multilib-list=aprofile,rmprofile]
  ignore line: [Thread model: single]
  ignore line: [Supported LTO compression algorithms: zlib zstd]
  ignore line: [gcc version 14.2.1 20241119 (xPack GNU Arm Embedded GCC aarch64) ]
  ignore line: [COLLECT_GCC_OPTIONS='-mfpu=fpv4-sp-d16' '-mfloat-abi=hard' '-mfpu=fpv4-sp-d16' '-mfloat-abi=hard' '-mcpu=cortex-m4' '-mfpu=fpv4-sp-d16' '-mfloat-abi=hard' '-Wall' '-Wextra' '-Wpedantic' '-fdata-sections' '-ffunction-sections' '-v' '-std=gnu11' '-o' 'CMakeFiles/cmTC_66e99.dir/CMakeCCompilerABI.c.obj' '-c' '-mthumb' '-mlibarch=armv7e-m+fp' '-march=armv7e-m+fp' '-dumpdir' 'CMakeFiles/cmTC_66e99.dir/']
  ignore line: [ /opt/xpack-arm-none-eabi-gcc-14.2.1-1.1/bin/../libexec/gcc/arm-none-eabi/14.2.1/cc1 -quiet -v -imultilib thumb/v7e-m+fp/hard -iprefix /opt/xpack-arm-none-eabi-gcc-14.2.1-1.1/bin/../lib/gcc/arm-none-eabi/14.2.1/ -isysroot /opt/xpack-arm-none-eabi-gcc-14.2.1-1.1/bin/../arm-none-eabi -D__USES_INITFINI__ /usr/share/cmake-3.22/Modules/CMakeCCompilerABI.c -quiet -dumpdir CMakeFiles/cmTC_66e99.dir/ -dumpbase CMakeCCompilerABI.c.c -dumpbase-ext .c -mfpu=fpv4-sp-d16 -mfloat-abi=hard -mfpu=fpv4-sp-d16 -mfloat-abi=hard -mcpu=cortex-m4 -mfpu=fpv4-sp-d16 -mfloat-abi=hard -mthumb -mlibarch=armv7e-m+fp -march=armv7e-m+fp -Wall -Wextra -Wpedantic -std=gnu11 -version -fdata-sections -ffunction-sections -o /tmp/ccbfhrh5.s]
  ignore line: [GNU C11 (xPack GNU Arm Embedded GCC aarch64) version 14.2.1 20241119 (arm-none-eabi)]
  ignore line: [	compiled by GNU C version 13.2.0  GMP version 6.2.1  MPFR version 3.1.6  MPC version 1.0.3  isl version isl-0.15-GMP]
  ignore line: []
  ignore line: [GGC heuristics: --param ggc-min-expand=100 --param ggc-min-heapsize=131072]
  ignore line: [ignoring duplicate directory "/opt/xpack-arm-none-eabi-gcc-14.2.1-1.1/bin/../lib/gcc/../../lib/gcc/arm-none-eabi/14.2.1/include"]
  ignore line: [ignoring nonexistent directory "/opt/xpack-arm-none-eabi-gcc-14.2.1-1.1/bin/../arm-none-eabi/usr/local/include"]
  ignore line: [ignoring duplicate directory "/opt/xpack-arm-none-eabi-gcc-14.2.1-1.1/bin/../lib/gcc/../../lib/gcc/arm-none-eabi/14.2.1/include-fixed"]
  ignore line: [ignoring duplicate directory "/opt/xpack-arm-none-eabi-gcc-14.2.1-1.1/bin/../lib/gcc/../../lib/gcc/arm-none-eabi/14.2.1/../../../../arm-none-eabi/include"]
  ignore line: [ignoring duplicate directory "/opt/xpack-arm-none-eabi-gcc-14.2.1-1.1/bin/../arm-none-eabi/include"]
  ignore line: [#include "..." search starts here:]
  ignore line: [#include <...> search starts here:]
  ignore line: [ /opt/xpack-arm-none-eabi-gcc-14.2.1-1.1/bin/../lib/gcc/arm-none-eabi/14.2.1/include]
  ignore line: [ /opt/xpack-arm-none-eabi-gcc-14.2.1-1.1/bin/../lib/gcc/arm-none-eabi/14.2.1/include-fixed]
  ignore line: [ /opt/xpack-arm-none-eabi-gcc-14.2.1-1.1/bin/../lib/gcc/arm-none-eabi/14.2.1/../../../../arm-none-eabi/include]
  ignore line: [End of search list.]
  ignore line: [Compiler executable checksum: 08e6ae31bcbbf0a25584eb55ea71b419]
  ignore line: [COLLECT_GCC_OPTIONS='-mfpu=fpv4-sp-d16' '-mfloat-abi=hard' '-mfpu=fpv4-sp-d16' '-mfloat-abi=hard' '-mcpu=cortex-m4' '-mfpu=fpv4-sp-d16' '-mfloat-abi=hard' '-Wall' '-Wextra' '-Wpedantic' '-fdata-sections' '-ffunction-sections' '-v' '-std=gnu11' '-o' 'CMakeFiles/cmTC_66e99.dir/CMakeCCompilerABI.c.obj' '-c' '-mthumb' '-mlibarch=armv7e-m+fp' '-march=armv7e-m+fp' '-dumpdir' 'CMakeFiles/cmTC_66e99.dir/']
  ignore line: [ /opt/xpack-arm-none-eabi-gcc-14.2.1-1.1/bin/../lib/gcc/arm-none-eabi/14.2.1/../../../../arm-none-eabi/bin/as -v -march=armv7e-m+fp -mfloat-abi=hard -mfloat-abi=hard -mfloat-abi=hard -mfpu=fpv4-sp-d16 -mfpu=fpv4-sp-d16 -mfpu=fpv4-sp-d16 -meabi=5 -o CMakeFiles/cmTC_66e99.dir/CMakeCCompilerABI.c.obj /tmp/ccbfhrh5.s]
  ignore line: [GNU assembler version 2.43.1 (arm-none-eabi) using BFD version (xPack GNU Arm Embedded GCC aarch64) 2.43.1.20241119]
  ignore line: [COMPILER_PATH=/opt/xpack-arm-none-eabi-gcc-14.2.1-1.1/bin/../libexec/gcc/arm-none-eabi/14.2.1/:/opt/xpack-arm-none-eabi-gcc-14.2.1-1.1/bin/../libexec/gcc/:/opt/xpack-arm-none-eabi-gcc-14.2.1-1.1/bin/../lib/gcc/arm-none-eabi/14.2.1/../../../../arm-none-eabi/bin/]
  ignore line: [LIBRARY_PATH=/opt/xpack-arm-none-eabi-gcc-14.2.1-1.1/bin/../lib/gcc/arm-none-eabi/14.2.1/thumb/v7e-m+fp/hard/:/opt/xpack-arm-none-eabi-gcc-14.2.1-1.1/bin/../lib/gcc/arm-none-eabi/14.2.1/../../../../arm-none-eabi/lib/thumb/v7e-m+fp/hard/:/opt/xpack-arm-none-eabi-gcc-14.2.1-1.1/bin/../arm-none-eabi/lib/thumb/v7e-m+fp/hard/:/opt/xpack-arm-none-eabi-gcc-14.2.1-1.1/bin/../lib/gcc/arm-none-eabi/14.2.1/:/opt/xpack-arm-none-eabi-gcc-14.2.1-1.1/bin/../lib/gcc/:/opt/xpack-arm-none-eabi-gcc-14.2.1-1.1/bin/../lib/gcc/arm-none-eabi/14.2.1/../../../../arm-none-eabi/lib/:/opt/xpack-arm-none-eabi-gcc-14.2.1-1.1/bin/../arm-none-eabi/lib/]
  ignore line: [COLLECT_GCC_OPTIONS='-mfpu=fpv4-sp-d16' '-mfloat-abi=hard' '-mfpu=fpv4-sp-d16' '-mfloat-abi=hard' '-mcpu=cortex-m4' '-mfpu=fpv4-sp-d16' '-mfloat-abi=hard' '-Wall' '-Wextra' '-Wpedantic' '-fdata-sections' '-ffunction-sections' '-v' '-std=gnu11' '-o' 'CMakeFiles/cmTC_66e99.dir/CMakeCCompilerABI.c.obj' '-c' '-mthumb' '-mlibarch=armv7e-m+fp' '-march=armv7e-m+fp' '-dumpdir' 'CMakeFiles/cmTC_66e99.dir/CMakeCCompilerABI.c.']
  ignore line: [[2/2] Linking C static library libcmTC_66e99.a]
  ignore line: []
  ignore line: []
  implicit libs: []
  implicit objs: []
  implicit dirs: []
  implicit fwks: []


Detecting CXX compiler ABI info compiled with the following output:
Change Dir: /workspace/flight_software/build/Debug/CMakeFiles/CMakeTmp

Run Build Command(s):/usr/bin/ninja cmTC_31452 && [1/2] Building CXX object CMakeFiles/cmTC_31452.dir/CMakeCXXCompilerABI.cpp.obj
Using built-in specs.
COLLECT_GCC=/opt/xpack-arm-none-eabi-gcc-14.2.1-1.1/bin/arm-none-eabi-g++
Target: arm-none-eabi
Configured with: /__w/arm-none-eabi-gcc-xpack/arm-none-eabi-gcc-xpack/build-assets/build/linux-arm64/sources/gcc/configure --prefix=/__w/arm-none-eabi-gcc-xpack/arm-none-eabi-gcc-xpack/build-assets/build/linux-arm64/application --with-sysroot=/__w/arm-none-eabi-gcc-xpack/arm-none-eabi-gcc-xpack/build-assets/build/linux-arm64/application/arm-none-eabi --with-native-system-header-dir=/include --infodir=/__w/arm-none-eabi-gcc-xpack/arm-none-eabi-gcc-xpack/build-assets/build/linux-arm64/aarch64-unknown-linux-gnu/install/share/info --mandir=/__w/arm-none-eabi-gcc-xpack/arm-none-eabi-gcc-xpack/build-assets/build/linux-arm64/aarch64-unknown-linux-gnu/install/share/man --htmldir=/__w/arm-none-eabi-gcc-xpack/arm-none-eabi-gcc-xpack/build-assets/build/linux-arm64/aarch64-unknown-linux-gnu/install/share/html --pdfdir=/__w/arm-none-eabi-gcc-xpack/arm-none-eabi-gcc-xpack/build-assets/build/linux-arm64/aarch64-unknown-linux-gnu/install/share/pdf --build=aarch64-unknown-linux-gnu --host=aarch64-unknown-linux-gnu --target=arm-none-eabi --disable-nls --disable-shared --disable-threads --disable-tls --enable-checking=release --enable-languages=c,c++,fortran --with-gmp=/__w/arm-none-eabi-gcc-xpack/arm-none-eabi-gcc-xpack/build-assets/build/linux-arm64/aarch64-unknown-linux-gnu/install --with-newlib --with-pkgversion='xPack GNU Arm Embedded GCC aarch64' --with-gnu-as --with-gnu-ld --with-system-zlib --with-headers=yes --enable-multilib --with-multilib-list=aprofile,rmprofile
Thread model: single
Supported LTO compression algorithms: zlib zstd
gcc version 14.2.1 20241119 (xPack GNU Arm Embedded GCC aarch64) 
COLLECT_GCC_OPTIONS='-mfpu=fpv4-sp-d16' '-mfloat-abi=hard' '-mfpu=fpv4-sp-d16' '-mfloat-abi=hard' '-mcpu=cortex-m4' '-mfpu=fpv4-sp-d16' '-mfloat-abi=hard' '-Wall' '-Wextra' '-Wpedantic' '-fdata-sections' '-ffunction-sections' '-fno-rtti' '-fno-exceptions' '-fno-threadsafe-statics' '-v' '-o' 'CMakeFiles/cmTC_31452.dir/CMakeCXXCompilerABI.cpp.obj' '-c' '-mthumb' '-mlibarch=armv7e-m+fp' '-march=armv7e-m+fp' '-dumpdir' 'CMakeFiles/cmTC_31452.dir/'
 /opt/xpack-arm-none-eabi-gcc-14.2.1-1.1/bin/../libexec/gcc/arm-none-eabi/14.2.1/cc1plus -quiet -v -imultilib thumb/v7e-m+fp/hard -iprefix /opt/xpack-arm-none-eabi-gcc-14.2.1-1.1/bin/../lib/gcc/arm-none-eabi/14.2.1/ -isysroot /opt/xpack-arm-none-eabi-gcc-14.2.1-1.1/bin/../arm-none-eabi -D__USES_INITFINI__ /usr/share/cmake-3.22/Modules/CMakeCXXCompilerABI.cpp -quiet -dumpdir CMakeFiles/cmTC_31452.dir/ -dumpbase CMakeCXXCompilerABI.cpp.cpp -dumpbase-ext .cpp -mfpu=fpv4-sp-d16 -mfloat-abi=hard -mfpu=fpv4-sp-d16 -mfloat-abi=hard -mcpu=cortex-m4 -mfpu=fpv4-sp-d16 -mfloat-abi=hard -mthumb -mlibarch=armv7e-m+fp -march=armv7e-m+fp -Wall -Wextra -Wpedantic -version -fdata-sections -ffunction-sections -fno-rtti -fno-exceptions -fno-threadsafe-statics -o /tmp/ccBSRPj1.s
GNU C++17 (xPack GNU Arm Embedded GCC aarch64) version 14.2.1 20241119 (arm-none-eabi)
	compiled by GNU C version 13.2.0, GMP version 6.2.1, MPFR version 3.1.6, MPC version 1.0.3, isl version isl-0.15-GMP

GGC heuristics: --param ggc-min-expand=100 --param ggc-min-heapsize=131072
ignoring duplicate directory "/opt/xpack-arm-none-eabi-gcc-14.2.1-1.1/bin/../lib/gcc/../../lib/gcc/arm-none-eabi/14.2.1/../../../../arm-none-eabi/include/c++/14.2.1"
ignoring duplicate directory "/opt/xpack-arm-none-eabi-gcc-14.2.1-1.1/bin/../lib/gcc/../../lib/gcc/arm-none-eabi/14.2.1/../../../../arm-none-eabi/include/c++/14.2.1/arm-none-eabi/thumb/v7e-m+fp/hard"
ignoring duplicate directory "/opt/xpack-arm-none-eabi-gcc-14.2.1-1.1/bin/../lib/gcc/../../lib/gcc/arm-none-eabi/14.2.1/../../../../arm-none-eabi/include/c++/14.2.1/backward"
ignoring duplicate directory "/opt/xpack-arm-none-eabi-gcc-14.2.1-1.1/bin/../lib/gcc/../../lib/gcc/arm-none-eabi/14.2.1/include"
ignoring nonexistent directory "/opt/xpack-arm-none-eabi-gcc-14.2.1-1.1/bin/../arm-none-eabi/usr/local/include"
ignoring duplicate directory "/opt/xpack-arm-none-eabi-gcc-14.2.1-1.1/bin/../lib/gcc/../../lib/gcc/arm-none-eabi/14.2.1/include-fixed"
ignoring duplicate directory "/opt/xpack-arm-none-eabi-gcc-14.2.1-1.1/bin/../lib/gcc/../../lib/gcc/arm-none-eabi/14.2.1/../../../../arm-none-eabi/include"
ignoring duplicate directory "/opt/xpack-arm-none-eabi-gcc-14.2.1-1.1/bin/../arm-none-eabi/include"
#include "..." search starts here:
#include <...> search starts here:
 /opt/xpack-arm-none-eabi-gcc-14.2.1-1.1/bin/../lib/gcc/arm-none-eabi/14.2.1/../../../../arm-none-eabi/include/c++/14.2.1
 /opt/xpack-arm-none-eabi-gcc-14.2.1-1.1/bin/../lib/gcc/arm-none-eabi/14.2.1/../../../../arm-none-eabi/include/c++/14.2.1/arm-none-eabi/thumb/v7e-m+fp/hard
 /opt/xpack-arm-none-eabi-gcc-14.2.1-1.1/bin/../lib/gcc/arm-none-eabi/14.2.1/../../../../arm-none-eabi/include/c++/14.2.1/backward
 /opt/xpack-arm-none-eabi-gcc-14.2.1-1.1/bin/../lib/gcc/arm-none-eabi/14.2.1/include
 /opt/xpack-arm-none-eabi-gcc-14.2.1-1.1/bin/../lib/gcc/arm-none-eabi/14.2.1/include-fixed
 /opt/xpack-arm-none-eabi-gcc-14.2.1-1.1/bin/../lib/gcc/arm-none-eabi/14.2.1/../../../../arm-none-eabi/include
End of search list.
Compiler executable checksum: 75d25d2972c79621c11fb5ec707e991a
COLLECT_GCC_OPTIONS='-mfpu=fpv4-sp-d16' '-mfloat-abi=hard' '-mfpu=fpv4-sp-d16' '-mfloat-abi=hard' '-mcpu=cortex-m4' '-mfpu=fpv4-sp-d16' '-mfloat-abi=hard' '-Wall' '-Wextra' '-Wpedantic' '-fdata-sections' '-ffunction-sections' '-fno-rtti' '-fno-exceptions' '-fno-threadsafe-statics' '-v' '-o' 'CMakeFiles/cmTC_31452.dir/CMakeCXXCompilerABI.cpp.obj' '-c' '-mthumb' '-mlibarch=armv7e-m+fp' '-march=armv7e-m+fp' '-dumpdir' 'CMakeFiles/cmTC_31452.dir/'
 /opt/xpack-arm-none-eabi-gcc-14.2.1-1.1/bin/../lib/gcc/arm-none-eabi/14.2.1/../../../../arm-none-eabi/bin/as -v -march=armv7e-m+fp -mfloat-abi=hard -mfloat-abi=hard -mfloat-abi=hard -mfpu=fpv4-sp-d16 -mfpu=fpv4-sp-d16 -mfpu=fpv4-sp-d16 -meabi=5 -o CMakeFiles/cmTC_31452.dir/CMakeCXXCompilerABI.cpp.obj /tmp/ccBSRPj1.s
GNU assembler version 2.43.1 (arm-none-eabi) using BFD version (xPack GNU Arm Embedded GCC aarch64) 2.43.1.20241119
COMPILER_PATH=/opt/xpack-arm-none-eabi-gcc-14.2.1-1.1/bin/../libexec/gcc/arm-none-eabi/14.2.1/:/opt/xpack-arm-none-eabi-gcc-14.2.1-1.1/bin/../libexec/gcc/:/opt/xpack-arm-none-eabi-gcc-14.2.1-1.1/bin/../lib/gcc/arm-none-eabi/14.2.1/../../../../arm-none-eabi/bin/
LIBRARY_PATH=/opt/xpack-arm-none-eabi-gcc-14.2.1-1.1/bin/../lib/gcc/arm-none-eabi/14.2.1/thumb/v7e-m+fp/hard/:/opt/xpack-arm-none-eabi-gcc-14.2.1-1.1/bin/../lib/gcc/arm-none-eabi/14.2.1/../../../../arm-none-eabi/lib/thumb/v7e-m+fp/hard/:/opt/xpack-arm-none-eabi-gcc-14.2.1-1.1/bin/../arm-none-eabi/lib/thumb/v7e-m+fp/hard/:/opt/xpack-arm-none-eabi-gcc-14.2.1-1.1/bin/../lib/gcc/arm-none-eabi/14.2.1/:/opt/xpack-arm-none-eabi-gcc-14.2.1-1.1/bin/../lib/gcc/:/opt/xpack-arm-none-eabi-gcc-14.2.1-1.1/bin/../lib/gcc/arm-none-eabi/14.2.1/../../../../arm-none-eabi/lib/:/opt/xpack-arm-none-eabi-gcc-14.2.1-1.1/bin/../arm-none-eabi/lib/
COLLECT_GCC_OPTIONS='-mfpu=fpv4-sp-d16' '-mfloat-abi=hard' '-mfpu=fpv4-sp-d16' '-mfloat-abi=hard' '-mcpu=cortex-m4' '-mfpu=fpv4-sp-d16' '-mfloat-abi=hard' '-Wall' '-Wextra' '-Wpedantic' '-fdata-sections' '-ffunction-sections' '-fno-rtti' '-fno-exceptions' '-fno-threadsafe-statics' '-v' '-o' 'CMakeFiles/cmTC_31452.dir/CMakeCXXCompilerABI.cpp.obj' '-c' '-mthumb' '-mlibarch=armv7e-m+fp' '-march=armv7e-m+fp' '-dumpdir' 'CMakeFiles/cmTC_31452.dir/CMakeCXXCompilerABI.cpp.'
[2/2] Linking CXX static library libcmTC_31452.a



Parsed CXX implicit include dir info from above output: rv=done
  found start of include info
  found start of implicit include info
    add: [/opt/xpack-arm-none-eabi-gcc-14.2.1-1.1/bin/../lib/gcc/arm-none-eabi/14.2.1/../../../../arm-none-eabi/include/c++/14.2.1]
    add: [/opt/xpack-arm-none-eabi-gcc-14.2.1-1.1/bin/../lib/gcc/arm-none-eabi/14.2.1/../../../../arm-none-eabi/include/c++/14.2.1/arm-none-eabi/thumb/v7e-m+fp/hard]
    add: [/opt/xpack-arm-none-eabi-gcc-14.2.1-1.1/bin/../lib/gcc/arm-none-eabi/14.2.1/../../../../arm-none-eabi/include/c++/14.2.1/backward]
    add: [/opt/xpack-arm-none-eabi-gcc-14.2.1-1.1/bin/../lib/gcc/arm-none-eabi/14.2.1/include]
    add: [/opt/xpack-arm-none-eabi-gcc-14.2.1-1.1/bin/../lib/gcc/arm-none-eabi/14.2.1/include-fixed]
    add: [/opt/xpack-arm-none-eabi-gcc-14.2.1-1.1/bin/../lib/gcc/arm-none-eabi/14.2.1/../../../../arm-none-eabi/include]
  end of search list found
  collapse include dir [/opt/xpack-arm-none-eabi-gcc-14.2.1-1.1/bin/../lib/gcc/arm-none-eabi/14.2.1/../../../../arm-none-eabi/include/c++/14.2.1] ==> [/opt/xpack-arm-none-eabi-gcc-14.2.1-1.1/arm-none-eabi/include/c++/14.2.1]
  collapse include dir [/opt/xpack-arm-none-eabi-gcc-14.2.1-1.1/bin/../lib/gcc/arm-none-eabi/14.2.1/../../../../arm-none-eabi/include/c++/14.2.1/arm-none-eabi/thumb/v7e-m+fp/hard] ==> [/opt/xpack-arm-none-eabi-gcc-14.2.1-1.1/arm-none-eabi/include/c++/14.2.1/arm-none-eabi/thumb/v7e-m+fp/hard]
  collapse include dir [/opt/xpack-arm-none-eabi-gcc-14.2.1-1.1/bin/../lib/gcc/arm-none-eabi/14.2.1/../../../../arm-none-eabi/include/c++/14.2.1/backward] ==> [/opt/xpack-arm-none-eabi-gcc-14.2.1-1.1/arm-none-eabi/include/c++/14.2.1/backward]
  collapse include dir [/opt/xpack-arm-none-eabi-gcc-14.2.1-1.1/bin/../lib/gcc/arm-none-eabi/14.2.1/include] ==> [/opt/xpack-arm-none-eabi-gcc-14.2.1-1.1/lib/gcc/arm-none-eabi/14.2.1/include]
  collapse include dir [/opt/xpack-arm-none-eabi-gcc-14.2.1-1.1/bin/../lib/gcc/arm-none-eabi/14.2.1/include-fixed] ==> [/opt/xpack-arm-none-eabi-gcc-14.2.1-1.1/lib/gcc/arm-none-eabi/14.2.1/include-fixed]
  collapse include dir [/opt/xpack-arm-none-eabi-gcc-14.2.1-1.1/bin/../lib/gcc/arm-none-eabi/14.2.1/../../../../arm-none-eabi/include] ==> [/opt/xpack-arm-none-eabi-gcc-14.2.1-1.1/arm-none-eabi/include]
  implicit include dirs: [/opt/xpack-arm-none-eabi-gcc-14.2.1-1.1/arm-none-eabi/include/c++/14.2.1;/opt/xpack-arm-none-eabi-gcc-14.2.1-1.1/arm-none-eabi/include/c++/14.2.1/arm-none-eabi/thumb/v7e-m+fp/hard;/opt/xpack-arm-none-eabi-gcc-14.2.1-1.1/arm-none-eabi/include/c++/14.2.1/backward;/opt/xpack-arm-none-eabi-gcc-14.2.1-1.1/lib/gcc/arm-none-eabi/14.2.1/include;/opt/xpack-arm-none-eabi-gcc-14.2.1-1.1/lib/gcc/arm-none-eabi/14.2.1/include-fixed;/opt/xpack-arm-none-eabi-gcc-14.2.1-1.1/arm-none-eabi/include]


Parsed CXX implicit link information from above output:
  link line regex: [^( *|.*[/\])(arm-none-eabi-g\+\+|CMAKE_LINK_STARTFILE-NOTFOUND|([^/\]+-)?ld|collect2)[^/\]*( |$)]
  ignore line: [Change Dir: /workspace/flight_software/build/Debug/CMakeFiles/CMakeTmp]
  ignore line: []
  ignore line: [Run Build Command(s):/usr/bin/ninja cmTC_31452 && [1/2] Building CXX object CMakeFiles/cmTC_31452.dir/CMakeCXXCompilerABI.cpp.obj]
  ignore line: [Using built-in specs.]
  ignore line: [COLLECT_GCC=/opt/xpack-arm-none-eabi-gcc-14.2.1-1.1/bin/arm-none-eabi-g++]
  ignore line: [Target: arm-none-eabi]
  ignore line: [Configured with: /__w/arm-none-eabi-gcc-xpack/arm-none-eabi-gcc-xpack/build-assets/build/linux-arm64/sources/gcc/configure --prefix=/__w/arm-none-eabi-gcc-xpack/arm-none-eabi-gcc-xpack/build-assets/build/linux-arm64/application --with-sysroot=/__w/arm-none-eabi-gcc-xpack/arm-none-eabi-gcc-xpack/build-assets/build/linux-arm64/application/arm-none-eabi --with-native-system-header-dir=/include --infodir=/__w/arm-none-eabi-gcc-xpack/arm-none-eabi-gcc-xpack/build-assets/build/linux-arm64/aarch64-unknown-linux-gnu/install/share/info --mandir=/__w/arm-none-eabi-gcc-xpack/arm-none-eabi-gcc-xpack/build-assets/build/linux-arm64/aarch64-unknown-linux-gnu/install/share/man --htmldir=/__w/arm-none-eabi-gcc-xpack/arm-none-eabi-gcc-xpack/build-assets/build/linux-arm64/aarch64-unknown-linux-gnu/install/share/html --pdfdir=/__w/arm-none-eabi-gcc-xpack/arm-none-eabi-gcc-xpack/build-assets/build/linux-arm64/aarch64-unknown-linux-gnu/install/share/pdf --build=aarch64-unknown-linux-gnu --host=aarch64-unknown-linux-gnu --target=arm-none-eabi --disable-nls --disable-shared --disable-threads --disable-tls --enable-checking=release --enable-languages=c,c++,fortran --with-gmp=/__w/arm-none-eabi-gcc-xpack/arm-none-eabi-gcc-xpack/build-assets/build/linux-arm64/aarch64-unknown-linux-gnu/install --with-newlib --with-pkgversion='xPack GNU Arm Embedded GCC aarch64' --with-gnu-as --with-gnu-ld --with-system-zlib --with-headers=yes --enable-multilib --with-multilib-list=aprofile,rmprofile]
  ignore line: [Thread model: single]
  ignore line: [Supported LTO compression algorithms: zlib zstd]
  ignore line: [gcc version 14.2.1 20241119 (xPack GNU Arm Embedded GCC aarch64) ]
  ignore line: [COLLECT_GCC_OPTIONS='-mfpu=fpv4-sp-d16' '-mfloat-abi=hard' '-mfpu=fpv4-sp-d16' '-mfloat-abi=hard' '-mcpu=cortex-m4' '-mfpu=fpv4-sp-d16' '-mfloat-abi=hard' '-Wall' '-Wextra' '-Wpedantic' '-fdata-sections' '-ffunction-sections' '-fno-rtti' '-fno-exceptions' '-fno-threadsafe-statics' '-v' '-o' 'CMakeFiles/cmTC_31452.dir/CMakeCXXCompilerABI.cpp.obj' '-c' '-mthumb' '-mlibarch=armv7e-m+fp' '-march=armv7e-m+fp' '-dumpdir' 'CMakeFiles/cmTC_31452.dir/']
  ignore line: [ /opt/xpack-arm-none-eabi-gcc-14.2.1-1.1/bin/../libexec/gcc/arm-none-eabi/14.2.1/cc1plus -quiet -v -imultilib thumb/v7e-m+fp/hard -iprefix /opt/xpack-arm-none-eabi-gcc-14.2.1-1.1/bin/../lib/gcc/arm-none-eabi/14.2.1/ -isysroot /opt/xpack-arm-none-eabi-gcc-14.2.1-1.1/bin/../arm-none-eabi -D__USES_INITFINI__ /usr/share/cmake-3.22/Modules/CMakeCXXCompilerABI.cpp -quiet -dumpdir CMakeFiles/cmTC_31452.dir/ -dumpbase CMakeCXXCompilerABI.cpp.cpp -dumpbase-ext .cpp -mfpu=fpv4-sp-d16 -mfloat-abi=hard -mfpu=fpv4-sp-d16 -mfloat-abi=hard -mcpu=cortex-m4 -mfpu=fpv4-sp-d16 -mfloat-abi=hard -mthumb -mlibarch=armv7e-m+fp -march=armv7e-m+fp -Wall -Wextra -Wpedantic -version -fdata-sections -ffunction-sections -fno-rtti -fno-exceptions -fno-threadsafe-statics -o /tmp/ccBSRPj1.s]
  ignore line: [GNU C++17 (xPack GNU Arm Embedded GCC aarch64) version 14.2.1 20241119 (arm-none-eabi)]
  ignore line: [	compiled by GNU C version 13.2.0  GMP version 6.2.1  MPFR version 3.1.6  MPC version 1.0.3  isl version isl-0.15-GMP]
  ignore line: []
  ignore line: [GGC heuristics: --param ggc-min-expand=100 --param ggc-min-heapsize=131072]
  ignore line: [ignoring duplicate directory "/opt/xpack-arm-none-eabi-gcc-14.2.1-1.1/bin/../lib/gcc/../../lib/gcc/arm-none-eabi/14.2.1/../../../../arm-none-eabi/include/c++/14.2.1"]
  ignore line: [ignoring duplicate directory "/opt/xpack-arm-none-eabi-gcc-14.2.1-1.1/bin/../lib/gcc/../../lib/gcc/arm-none-eabi/14.2.1/../../../../arm-none-eabi/include/c++/14.2.1/arm-none-eabi/thumb/v7e-m+fp/hard"]
  ignore line: [ignoring duplicate directory "/opt/xpack-arm-none-eabi-gcc-14.2.1-1.1/bin/../lib/gcc/../../lib/gcc/arm-none-eabi/14.2.1/../../../../arm-none-eabi/include/c++/14.2.1/backward"]
  ignore line: [ignoring duplicate directory "/opt/xpack-arm-none-eabi-gcc-14.2.1-1.1/bin/../lib/gcc/../../lib/gcc/arm-none-eabi/14.2.1/include"]
  ignore line: [ignoring nonexistent directory "/opt/xpack-arm-none-eabi-gcc-14.2.1-1.1/bin/../arm-none-eabi/usr/local/include"]
  ignore line: [ignoring duplicate directory "/opt/xpack-arm-none-eabi-gcc-14.2.1-1.1/bin/../lib/gcc/../../lib/gcc/arm-none-eabi/14.2.1/include-fixed"]
  ignore line: [ignoring duplicate directory "/opt/xpack-arm-none-eabi-gcc-14.2.1-1.1/bin/../lib/gcc/../../lib/gcc/arm-none-eabi/14.2.1/../../../../arm-none-eabi/include"]
  ignore line: [ignoring duplicate directory "/opt/xpack-arm-none-eabi-gcc-14.2.1-1.1/bin/../arm-none-eabi/include"]
  ignore line: [#include "..." search starts here:]
  ignore line: [#include <...> search starts here:]
  ignore line: [ /opt/xpack-arm-none-eabi-gcc-14.2.1-1.1/bin/../lib/gcc/arm-none-eabi/14.2.1/../../../../arm-none-eabi/include/c++/14.2.1]
  ignore line: [ /opt/xpack-arm-none-eabi-gcc-14.2.1-1.1/bin/../lib/gcc/arm-none-eabi/14.2.1/../../../../arm-none-eabi/include/c++/14.2.1/arm-none-eabi/thumb/v7e-m+fp/hard]
  ignore line: [ /opt/xpack-arm-none-eabi-gcc-14.2.1-1.1/bin/../lib/gcc/arm-none-eabi/14.2.1/../../../../arm-none-eabi/include/c++/14.2.1/backward]
  ignore line: [ /opt/xpack-arm-none-eabi-gcc-14.2.1-1.1/bin/../lib/gcc/arm-none-eabi/14.2.1/include]
  ignore line: [ /opt/xpack-arm-none-eabi-gcc-14.2.1-1.1/bin/../lib/gcc/arm-none-eabi/14.2.1/include-fixed]
  ignore line: [ /opt/xpack-arm-none-eabi-gcc-14.2.1-1.1/bin/../lib/gcc/arm-none-eabi/14.2.1/../../../../arm-none-eabi/include]
  ignore line: [End of search list.]
  ignore line: [Compiler executable checksum: 75d25d2972c79621c11fb5ec707e991a]
  ignore line: [COLLECT_GCC_OPTIONS='-mfpu=fpv4-sp-d16' '-mfloat-abi=hard' '-mfpu=fpv4-sp-d16' '-mfloat-abi=hard' '-mcpu=cortex-m4' '-mfpu=fpv4-sp-d16' '-mfloat-abi=hard' '-Wall' '-Wextra' '-Wpedantic' '-fdata-sections' '-ffunction-sections' '-fno-rtti' '-fno-exceptions' '-fno-threadsafe-statics' '-v' '-o' 'CMakeFiles/cmTC_31452.dir/CMakeCXXCompilerABI.cpp.obj' '-c' '-mthumb' '-mlibarch=armv7e-m+fp' '-march=armv7e-m+fp' '-dumpdir' 'CMakeFiles/cmTC_31452.dir/']
  ignore line: [ /opt/xpack-arm-none-eabi-gcc-14.2.1-1.1/bin/../lib/gcc/arm-none-eabi/14.2.1/../../../../arm-none-eabi/bin/as -v -march=armv7e-m+fp -mfloat-abi=hard -mfloat-abi=hard -mfloat-abi=hard -mfpu=fpv4-sp-d16 -mfpu=fpv4-sp-d16 -mfpu=fpv4-sp-d16 -meabi=5 -o CMakeFiles/cmTC_31452.dir/CMakeCXXCompilerABI.cpp.obj /tmp/ccBSRPj1.s]
  ignore line: [GNU assembler version 2.43.1 (arm-none-eabi) using BFD version (xPack GNU Arm Embedded GCC aarch64) 2.43.1.20241119]
  ignore line: [COMPILER_PATH=/opt/xpack-arm-none-eabi-gcc-14.2.1-1.1/bin/../libexec/gcc/arm-none-eabi/14.2.1/:/opt/xpack-arm-none-eabi-gcc-14.2.1-1.1/bin/../libexec/gcc/:/opt/xpack-arm-none-eabi-gcc-14.2.1-1.1/bin/../lib/gcc/arm-none-eabi/14.2.1/../../../../arm-none-eabi/bin/]
  ignore line: [LIBRARY_PATH=/opt/xpack-arm-none-eabi-gcc-14.2.1-1.1/bin/../lib/gcc/arm-none-eabi/14.2.1/thumb/v7e-m+fp/hard/:/opt/xpack-arm-none-eabi-gcc-14.2.1-1.1/bin/../lib/gcc/arm-none-eabi/14.2.1/../../../../arm-none-eabi/lib/thumb/v7e-m+fp/hard/:/opt/xpack-arm-none-eabi-gcc-14.2.1-1.1/bin/../arm-none-eabi/lib/thumb/v7e-m+fp/hard/:/opt/xpack-arm-none-eabi-gcc-14.2.1-1.1/bin/../lib/gcc/arm-none-eabi/14.2.1/:/opt/xpack-arm-none-eabi-gcc-14.2.1-1.1/bin/../lib/gcc/:/opt/xpack-arm-none-eabi-gcc-14.2.1-1.1/bin/../lib/gcc/arm-none-eabi/14.2.1/../../../../arm-none-eabi/lib/:/opt/xpack-arm-none-eabi-gcc-14.2.1-1.1/bin/../arm-none-eabi/lib/]
  ignore line: [COLLECT_GCC_OPTIONS='-mfpu=fpv4-sp-d16' '-mfloat-abi=hard' '-mfpu=fpv4-sp-d16' '-mfloat-abi=hard' '-mcpu=cortex-m4' '-mfpu=fpv4-sp-d16' '-mfloat-abi=hard' '-Wall' '-Wextra' '-Wpedantic' '-fdata-sections' '-ffunction-sections' '-fno-rtti' '-fno-exceptions' '-fno-threadsafe-statics' '-v' '-o' 'CMakeFiles/cmTC_31452.dir/CMakeCXXCompilerABI.cpp.obj' '-c' '-mthumb' '-mlibarch=armv7e-m+fp' '-march=armv7e-m+fp' '-dumpdir' 'CMakeFiles/cmTC_31452.dir/CMakeCXXCompilerABI.cpp.']
  ignore line: [[2/2] Linking CXX static library libcmTC_31452.a]
  ignore line: []
  ignore line: []
  implicit libs: []
  implicit objs: []
  implicit dirs: []
  implicit fwks: []


Checking whether the ASM compiler is GNU using "--version" matched "(GNU assembler)|(GCC)|(Free Software Foundation)":
arm-none-eabi-gcc (xPack GNU Arm Embedded GCC aarch64) 14.2.1 20241119
Copyright (C) 2024 Free Software Foundation, Inc.
This is free software; see the source for copying conditions.  There is NO
warranty; not even for MERCHANTABILITY or FITNESS FOR A PARTICULAR PURPOSE.

